<?xml version="1.0" encoding="UTF-8"?>
<coverage generated="1727977628063" clover="3.2.0">
  <project timestamp="1727977628064" name="All files">
    <metrics statements="29" coveredstatements="23" conditionals="2" coveredconditionals="1" methods="10" coveredmethods="6" elements="41" coveredelements="30" complexity="0" loc="29" ncloc="29" packages="2" files="7" classes="7"/>
    <package name="components">
      <metrics statements="16" coveredstatements="15" conditionals="2" coveredconditionals="1" methods="6" coveredmethods="6"/>
      <file name="ContactUs.js" path="D:\React\React Projects\Food Ordering App\src\components\ContactUs.js">
        <metrics statements="2" coveredstatements="2" conditionals="0" coveredconditionals="0" methods="1" coveredmethods="1"/>
        <line num="2" count="1" type="stmt"/>
        <line num="3" count="3" type="stmt"/>
      </file>
      <file name="Header.js" path="D:\React\React Projects\Food Ordering App\src\components\Header.js">
        <metrics statements="6" coveredstatements="5" conditionals="2" coveredconditionals="1" methods="3" coveredmethods="3"/>
        <line num="6" count="1" type="stmt"/>
        <line num="8" count="4" type="stmt"/>
        <line num="11" count="7" type="stmt"/>
        <line num="13" count="4" type="stmt"/>
        <line num="29" count="1" type="cond" truecount="1" falsecount="1"/>
        <line num="30" count="0" type="stmt"/>
      </file>
      <file name="RestaurantCard.js" path="D:\React\React Projects\Food Ordering App\src\components\RestaurantCard.js">
        <metrics statements="6" coveredstatements="6" conditionals="0" coveredconditionals="0" methods="1" coveredmethods="1"/>
        <line num="3" count="1" type="stmt"/>
        <line num="4" count="1" type="stmt"/>
        <line num="13" count="1" type="stmt"/>
        <line num="14" count="1" type="stmt"/>
        <line num="16" count="1" type="stmt"/>
        <line num="17" count="1" type="stmt"/>
      </file>
      <file name="sum.js" path="D:\React\React Projects\Food Ordering App\src\components\sum.js">
        <metrics statements="2" coveredstatements="2" conditionals="0" coveredconditionals="0" methods="1" coveredmethods="1"/>
        <line num="1" count="1" type="stmt"/>
        <line num="2" count="1" type="stmt"/>
      </file>
    </package>
    <package name="utils">
      <metrics statements="13" coveredstatements="8" conditionals="0" coveredconditionals="0" methods="4" coveredmethods="0"/>
      <file name="appStore.js" path="D:\React\React Projects\Food Ordering App\src\utils\appStore.js">
        <metrics statements="1" coveredstatements="1" conditionals="0" coveredconditionals="0" methods="0" coveredmethods="0"/>
        <line num="4" count="1" type="stmt"/>
      </file>
      <file name="cartSlice.js" path="D:\React\React Projects\Food Ordering App\src\utils\cartSlice.js">
        <metrics statements="7" coveredstatements="2" conditionals="0" coveredconditionals="0" methods="4" coveredmethods="0"/>
        <line num="3" count="1" type="stmt"/>
        <line num="10" count="0" type="stmt"/>
        <line num="14" count="0" type="stmt"/>
        <line num="15" count="0" type="stmt"/>
        <line num="17" count="0" type="stmt"/>
        <line num="22" count="0" type="stmt"/>
        <line num="28" count="1" type="stmt"/>
      </file>
      <file name="constants.js" path="D:\React\React Projects\Food Ordering App\src\utils\constants.js">
        <metrics statements="5" coveredstatements="5" conditionals="0" coveredconditionals="0" methods="0" coveredmethods="0"/>
        <line num="1" count="2" type="stmt"/>
        <line num="3" count="2" type="stmt"/>
        <line num="5" count="2" type="stmt"/>
        <line num="7" count="2" type="stmt"/>
        <line num="8" count="2" type="stmt"/>
      </file>
    </package>
  </project>
</coverage>
