{"D:\\React\\React Projects\\Food Ordering App\\src\\components\\ContactUs.js": {"path":"D:\\React\\React Projects\\Food Ordering App\\src\\components\\ContactUs.js","statementMap":{"0":{"start":{"line":2,"column":18},"end":{"line":15,"column":1}},"1":{"start":{"line":3,"column":4},"end":{"line":14,"column":5}}},"fnMap":{"0":{"name":"(anonymous_0)","decl":{"start":{"line":2,"column":18},"end":{"line":2,"column":19}},"loc":{"start":{"line":2,"column":22},"end":{"line":15,"column":1}},"line":2}},"branchMap":{},"s":{"0":1,"1":3},"f":{"0":3},"b":{},"_coverageSchema":"1a1c01bbd47fc00a2c39e90264f33305004495a9","hash":"961e738766b18b9da41f736a16166f0c2375d093"}
,"D:\\React\\React Projects\\Food Ordering App\\src\\components\\sum.js": {"path":"D:\\React\\React Projects\\Food Ordering App\\src\\components\\sum.js","statementMap":{"0":{"start":{"line":1,"column":18},"end":{"line":3,"column":1}},"1":{"start":{"line":2,"column":4},"end":{"line":2,"column":15}}},"fnMap":{"0":{"name":"(anonymous_0)","decl":{"start":{"line":1,"column":18},"end":{"line":1,"column":19}},"loc":{"start":{"line":1,"column":25},"end":{"line":3,"column":1}},"line":1}},"branchMap":{},"s":{"0":1,"1":1},"f":{"0":1},"b":{},"_coverageSchema":"1a1c01bbd47fc00a2c39e90264f33305004495a9","hash":"e9a40bae87aed6b7178d6fda3b7de3b154dbbbf8"}
}
