{"D:\\React\\React Projects\\Food Ordering App\\src\\components\\ContactUs.js": {"path":"D:\\React\\React Projects\\Food Ordering App\\src\\components\\ContactUs.js","statementMap":{"0":{"start":{"line":2,"column":18},"end":{"line":15,"column":1}},"1":{"start":{"line":3,"column":4},"end":{"line":14,"column":5}}},"fnMap":{"0":{"name":"(anonymous_0)","decl":{"start":{"line":2,"column":18},"end":{"line":2,"column":19}},"loc":{"start":{"line":2,"column":22},"end":{"line":15,"column":1}},"line":2}},"branchMap":{},"s":{"0":1,"1":3},"f":{"0":3},"b":{},"_coverageSchema":"1a1c01bbd47fc00a2c39e90264f33305004495a9","hash":"961e738766b18b9da41f736a16166f0c2375d093"}
,"D:\\React\\React Projects\\Food Ordering App\\src\\components\\Header.js": {"path":"D:\\React\\React Projects\\Food Ordering App\\src\\components\\Header.js","statementMap":{"0":{"start":{"line":6,"column":15},"end":{"line":38,"column":3}},"1":{"start":{"line":8,"column":32},"end":{"line":8,"column":49}},"2":{"start":{"line":11,"column":20},"end":{"line":11,"column":58}},"3":{"start":{"line":11,"column":41},"end":{"line":11,"column":57}},"4":{"start":{"line":13,"column":4},"end":{"line":37,"column":6}},"5":{"start":{"line":29,"column":16},"end":{"line":30,"column":40}},"6":{"start":{"line":29,"column":37},"end":{"line":29,"column":58}},"7":{"start":{"line":30,"column":21},"end":{"line":30,"column":40}},"8":{"start":{"line":31,"column":16},"end":{"line":31,"column":37}}},"fnMap":{"0":{"name":"(anonymous_0)","decl":{"start":{"line":6,"column":15},"end":{"line":6,"column":16}},"loc":{"start":{"line":6,"column":21},"end":{"line":38,"column":3}},"line":6},"1":{"name":"(anonymous_1)","decl":{"start":{"line":11,"column":32},"end":{"line":11,"column":33}},"loc":{"start":{"line":11,"column":41},"end":{"line":11,"column":57}},"line":11},"2":{"name":"(anonymous_2)","decl":{"start":{"line":28,"column":50},"end":{"line":28,"column":51}},"loc":{"start":{"line":28,"column":54},"end":{"line":32,"column":13}},"line":28}},"branchMap":{"0":{"loc":{"start":{"line":29,"column":16},"end":{"line":30,"column":40}},"type":"if","locations":[{"start":{"line":29,"column":16},"end":{"line":30,"column":40}},{"start":{"line":30,"column":21},"end":{"line":30,"column":40}}],"line":29}},"s":{"0":1,"1":4,"2":4,"3":7,"4":4,"5":1,"6":1,"7":0,"8":1},"f":{"0":4,"1":7,"2":1},"b":{"0":[1,0]},"_coverageSchema":"1a1c01bbd47fc00a2c39e90264f33305004495a9","hash":"0200c233762fee3d06d8c49d96ea4f2a38367afc"}
,"D:\\React\\React Projects\\Food Ordering App\\src\\components\\sum.js": {"path":"D:\\React\\React Projects\\Food Ordering App\\src\\components\\sum.js","statementMap":{"0":{"start":{"line":1,"column":18},"end":{"line":3,"column":1}},"1":{"start":{"line":2,"column":4},"end":{"line":2,"column":15}}},"fnMap":{"0":{"name":"(anonymous_0)","decl":{"start":{"line":1,"column":18},"end":{"line":1,"column":19}},"loc":{"start":{"line":1,"column":25},"end":{"line":3,"column":1}},"line":1}},"branchMap":{},"s":{"0":1,"1":1},"f":{"0":1},"b":{},"_coverageSchema":"1a1c01bbd47fc00a2c39e90264f33305004495a9","hash":"e9a40bae87aed6b7178d6fda3b7de3b154dbbbf8"}
,"D:\\React\\React Projects\\Food Ordering App\\src\\utils\\appStore.js": {"path":"D:\\React\\React Projects\\Food Ordering App\\src\\utils\\appStore.js","statementMap":{"0":{"start":{"line":4,"column":17},"end":{"line":8,"column":2}}},"fnMap":{},"branchMap":{},"s":{"0":1},"f":{},"b":{},"_coverageSchema":"1a1c01bbd47fc00a2c39e90264f33305004495a9","hash":"a1e8dd51527a8ff4c6daec6c66ac7c10591bc71e"}
,"D:\\React\\React Projects\\Food Ordering App\\src\\utils\\cartSlice.js": {"path":"D:\\React\\React Projects\\Food Ordering App\\src\\utils\\cartSlice.js","statementMap":{"0":{"start":{"line":3,"column":18},"end":{"line":26,"column":2}},"1":{"start":{"line":10,"column":12},"end":{"line":10,"column":45}},"2":{"start":{"line":14,"column":31},"end":{"line":16,"column":13}},"3":{"start":{"line":15,"column":28},"end":{"line":15,"column":80}},"4":{"start":{"line":17,"column":12},"end":{"line":17,"column":38}},"5":{"start":{"line":22,"column":12},"end":{"line":22,"column":33}},"6":{"start":{"line":28,"column":48},"end":{"line":28,"column":65}}},"fnMap":{"0":{"name":"(anonymous_0)","decl":{"start":{"line":9,"column":16},"end":{"line":9,"column":17}},"loc":{"start":{"line":9,"column":33},"end":{"line":11,"column":9}},"line":9},"1":{"name":"(anonymous_1)","decl":{"start":{"line":13,"column":19},"end":{"line":13,"column":20}},"loc":{"start":{"line":13,"column":35},"end":{"line":19,"column":9}},"line":13},"2":{"name":"(anonymous_2)","decl":{"start":{"line":15,"column":16},"end":{"line":15,"column":17}},"loc":{"start":{"line":15,"column":28},"end":{"line":15,"column":80}},"line":15},"3":{"name":"(anonymous_3)","decl":{"start":{"line":21,"column":18},"end":{"line":21,"column":19}},"loc":{"start":{"line":21,"column":34},"end":{"line":23,"column":9}},"line":21}},"branchMap":{},"s":{"0":1,"1":0,"2":0,"3":0,"4":0,"5":0,"6":1},"f":{"0":0,"1":0,"2":0,"3":0},"b":{},"_coverageSchema":"1a1c01bbd47fc00a2c39e90264f33305004495a9","hash":"5d769516ac012191bbb10ce1b60ebf3122da6390"}
,"D:\\React\\React Projects\\Food Ordering App\\src\\utils\\constants.js": {"path":"D:\\React\\React Projects\\Food Ordering App\\src\\utils\\constants.js","statementMap":{"0":{"start":{"line":1,"column":21},"end":{"line":1,"column":104}},"1":{"start":{"line":3,"column":22},"end":{"line":3,"column":127}},"2":{"start":{"line":5,"column":22},"end":{"line":5,"column":145}},"3":{"start":{"line":7,"column":21},"end":{"line":7,"column":88}},"4":{"start":{"line":8,"column":24},"end":{"line":8,"column":91}}},"fnMap":{},"branchMap":{},"s":{"0":1,"1":1,"2":1,"3":1,"4":1},"f":{},"b":{},"_coverageSchema":"1a1c01bbd47fc00a2c39e90264f33305004495a9","hash":"8559426d09e8503affae0636656272f7b68862d4"}
}
